2023-12-20 13:53:19.097 [info] Log level: Info
2023-12-20 13:53:19.098 [info] Validating found git in: "git"
2023-12-20 13:53:19.098 [info] Using git "2.43.0" from "git"
2023-12-20 13:53:19.098 [info] > git rev-parse --show-toplevel [16ms]
2023-12-20 13:53:19.101 [info] > git rev-parse --git-dir --git-common-dir [27ms]
2023-12-20 13:53:19.147 [info] Open repository: /home/yusuf/Antar-hypr
2023-12-20 13:53:19.194 [info] > git rev-parse --show-toplevel [18ms]
2023-12-20 13:53:19.195 [info] > git config --get commit.template [33ms]
2023-12-20 13:53:19.219 [info] > git for-each-ref --format=%(refname)%00%(upstream:short)%00%(objectname)%00%(upstream:track)%00%(upstream:remotename)%00%(upstream:remoteref) refs/heads/main refs/remotes/main [7ms]
2023-12-20 13:53:19.220 [info] > git rev-parse --show-toplevel [16ms]
2023-12-20 13:53:19.229 [warning] ENOENT: no such file or directory, open '/home/yusuf/Antar-hypr/.git/refs/remotes/origin/main'
2023-12-20 13:53:19.242 [info] > git rev-parse refs/remotes/origin/main [13ms]
2023-12-20 13:53:19.259 [info] > git rev-parse --show-toplevel [19ms]
2023-12-20 13:53:19.840 [info] > git check-ignore -v -z --stdin [5ms]
2023-12-20 13:53:20.198 [info] > git show --textconv :install.sh [22ms]
2023-12-20 13:53:20.204 [info] > git ls-files --stage -- /home/yusuf/Antar-hypr/install.sh [10ms]
2023-12-20 13:53:20.218 [info] > git cat-file -s 7b5401b469ee9e58b2f417cbc1be393b6b6548a4 [5ms]
2023-12-20 13:53:21.392 [info] > git status -z -uall [2136ms] (cancelled)
2023-12-20 13:53:55.423 [info] > git show --textconv :install.sh [30ms]
2023-12-20 13:53:55.428 [info] > git ls-files --stage -- /home/yusuf/Antar-hypr/install.sh [6ms]
2023-12-20 13:53:55.446 [info] > git cat-file -s 7b5401b469ee9e58b2f417cbc1be393b6b6548a4 [1ms]
