2023-12-20 14:02:43.950 [info] Log level: Info
2023-12-20 14:02:43.950 [info] Validating found git in: "git"
2023-12-20 14:02:43.950 [info] Using git "2.43.0" from "git"
2023-12-20 14:02:43.967 [info] > git rev-parse --show-toplevel [18ms]
2023-12-20 14:02:43.994 [info] > git rev-parse --git-dir --git-common-dir [12ms]
2023-12-20 14:02:44.037 [info] Open repository: /home/yusuf/Antar-hypr
2023-12-20 14:02:44.171 [info] > git rev-parse --show-toplevel [45ms]
2023-12-20 14:02:44.175 [info] > git config --get commit.template [81ms]
2023-12-20 14:02:44.262 [info] > git rev-parse --show-toplevel [41ms]
2023-12-20 14:02:44.292 [info] > git for-each-ref --format=%(refname)%00%(upstream:short)%00%(objectname)%00%(upstream:track)%00%(upstream:remotename)%00%(upstream:remoteref) refs/heads/main refs/remotes/main [35ms]
2023-12-20 14:02:44.311 [warning] ENOENT: no such file or directory, open '/home/yusuf/Antar-hypr/.git/refs/remotes/origin/main'
2023-12-20 14:02:44.317 [info] > git rev-parse --show-toplevel [29ms]
2023-12-20 14:02:44.328 [info] > git rev-parse refs/remotes/origin/main [16ms]
2023-12-20 14:02:44.605 [info] > git show --textconv :install.sh [18ms]
2023-12-20 14:02:44.614 [info] > git ls-files --stage -- /home/yusuf/Antar-hypr/install.sh [9ms]
2023-12-20 14:02:44.624 [info] > git cat-file -s 7b5401b469ee9e58b2f417cbc1be393b6b6548a4 [4ms]
2023-12-20 14:02:44.686 [info] > git check-ignore -v -z --stdin [6ms]
2023-12-20 14:02:45.177 [info] > git status -z -uall [831ms] (cancelled)
2023-12-20 14:02:54.887 [info] > git config --get commit.template [22ms]
2023-12-20 14:02:54.911 [info] > git for-each-ref --format=%(refname)%00%(upstream:short)%00%(objectname)%00%(upstream:track)%00%(upstream:remotename)%00%(upstream:remoteref) refs/heads/main refs/remotes/main [6ms]
2023-12-20 14:02:54.918 [warning] ENOENT: no such file or directory, open '/home/yusuf/Antar-hypr/.git/refs/remotes/origin/main'
2023-12-20 14:02:54.919 [info] > git rev-parse refs/remotes/origin/main [2ms]
2023-12-20 14:02:57.895 [info] > git status -z -uall [2967ms] (cancelled)
2023-12-20 14:02:57.944 [info] > git merge-base refs/heads/main refs/remotes/origin/main [4ms]
2023-12-20 14:02:57.965 [info] > git rev-list --count --left-right refs/heads/main...refs/remotes/origin/main [6ms]
2023-12-20 14:02:58.433 [info] > git check-ignore -v -z --stdin [7ms]
2023-12-20 14:04:16.726 [info] > git config --local branch.main.github-pr-owner-number [11ms]
2023-12-20 14:04:54.151 [info] > git config --local branch.main.github-pr-owner-number [56ms]
2023-12-20 14:05:23.237 [info] > git check-ignore -v -z --stdin [4ms]
2023-12-20 14:05:41.180 [info] > git check-ignore -v -z --stdin [2ms]
2023-12-20 14:06:02.864 [info] > git for-each-ref --sort -committerdate --format %(refname) %(objectname) %(*objectname) refs/heads/ [4ms]
2023-12-20 14:06:02.887 [info] > git config --local branch.main.github-pr-owner-number [4ms]
2023-12-20 14:07:06.688 [info] > git add -A -- . [26644ms]
2023-12-20 14:07:07.783 [info] > git -c user.useConfigOnly=true commit --quiet --allow-empty-message --file - [1054ms]
2023-12-20 14:07:07.783 [info] Author identity unknown

*** Please tell me who you are.

Run

  git config --global user.email "you@example.com"
  git config --global user.name "Your Name"

to set your account's default identity.
Omit --global to set the identity only in this repository.

fatal: no email was given and auto-detection is disabled
2023-12-20 14:07:07.810 [info] > git config --get-all user.name [2ms]
2023-12-20 14:07:07.829 [info] > git config --get commit.template [2ms]
2023-12-20 14:07:07.847 [info] > git for-each-ref --format=%(refname)%00%(upstream:short)%00%(objectname)%00%(upstream:track)%00%(upstream:remotename)%00%(upstream:remoteref) refs/heads/main refs/remotes/main [3ms]
2023-12-20 14:07:07.858 [warning] ENOENT: no such file or directory, open '/home/yusuf/Antar-hypr/.git/refs/remotes/origin/main'
2023-12-20 14:07:07.859 [info] > git rev-parse refs/remotes/origin/main [1ms]
2023-12-20 14:07:11.142 [info] > git status -z -uall [3270ms] (cancelled)
2023-12-20 14:07:13.959 [info] > git check-ignore -v -z --stdin [85ms]
2023-12-20 14:08:54.729 [info] > git push origin main:main [2475ms]
2023-12-20 14:08:54.729 [info] Everything up-to-date
2023-12-20 14:08:54.753 [info] > git config --get commit.template [13ms]
2023-12-20 14:08:54.754 [info] > git for-each-ref --format=%(refname)%00%(upstream:short)%00%(objectname)%00%(upstream:track)%00%(upstream:remotename)%00%(upstream:remoteref) refs/heads/main refs/remotes/main [2ms]
2023-12-20 14:08:54.760 [warning] ENOENT: no such file or directory, open '/home/yusuf/Antar-hypr/.git/refs/remotes/origin/main'
2023-12-20 14:08:54.763 [info] > git rev-parse refs/remotes/origin/main [3ms]
2023-12-20 14:08:58.188 [info] > git status -z -uall [3414ms] (cancelled)
2023-12-20 14:09:03.805 [info] > git fetch [1158ms]
2023-12-20 14:09:03.805 [info] Auto packing the repository in background for optimum performance.
See "git help gc" for manual housekeeping.
2023-12-20 14:09:03.858 [info] > git config --get commit.template [24ms]
2023-12-20 14:09:03.863 [info] > git for-each-ref --format=%(refname)%00%(upstream:short)%00%(objectname)%00%(upstream:track)%00%(upstream:remotename)%00%(upstream:remoteref) refs/heads/main refs/remotes/main [7ms]
2023-12-20 14:09:03.882 [warning] ENOENT: no such file or directory, open '/home/yusuf/Antar-hypr/.git/refs/remotes/origin/main'
2023-12-20 14:09:03.891 [info] > git rev-parse refs/remotes/origin/main [9ms]
2023-12-20 14:09:04.912 [info] > git status -z -uall [1000ms] (cancelled)
2023-12-20 14:09:09.775 [info] > git -c user.useConfigOnly=true commit --quiet --allow-empty-message --file - [701ms]
2023-12-20 14:09:09.775 [info] Author identity unknown

*** Please tell me who you are.

Run

  git config --global user.email "you@example.com"
  git config --global user.name "Your Name"

to set your account's default identity.
Omit --global to set the identity only in this repository.

fatal: no email was given and auto-detection is disabled
2023-12-20 14:09:09.801 [info] > git config --get-all user.name [5ms]
2023-12-20 14:09:09.880 [info] > git config --get commit.template [57ms]
2023-12-20 14:09:09.883 [info] > git for-each-ref --format=%(refname)%00%(upstream:short)%00%(objectname)%00%(upstream:track)%00%(upstream:remotename)%00%(upstream:remoteref) refs/heads/main refs/remotes/main [6ms]
2023-12-20 14:09:09.946 [warning] ENOENT: no such file or directory, open '/home/yusuf/Antar-hypr/.git/refs/remotes/origin/main'
2023-12-20 14:09:09.954 [info] > git rev-parse refs/remotes/origin/main [8ms]
2023-12-20 14:09:14.868 [info] > git status -z -uall [4878ms] (cancelled)
2023-12-20 14:09:16.710 [info] > git config --local branch.main.github-pr-owner-number [6ms]
