2023-12-20 13:53:17.806 [info] Using settings sync service https://vscode-sync.trafficmanager.net/
2023-12-20 13:53:17.806 [info] Auto Sync is disabled.
2023-12-20 14:02:16.545 [info] Sync started.
2023-12-20 14:02:17.024 [info] Did reset the local sync state.
2023-12-20 14:02:17.044 [info] Settings: Migrating last sync user data. Resource does not exist.
2023-12-20 14:02:17.045 [info] Settings: Last sync data state does not exist.
2023-12-20 14:02:17.112 [info] Settings: Migrating last sync user data. Resource does not exist.
2023-12-20 14:02:17.113 [info] Settings: Last sync data state does not exist.
2023-12-20 14:02:17.237 [info] Keybindings: Migrating last sync user data. Resource does not exist.
2023-12-20 14:02:17.237 [info] Keybindings: Last sync data state does not exist.
2023-12-20 14:02:17.280 [info] GlobalState: Migrating last sync user data. Resource does not exist.
2023-12-20 14:02:17.280 [info] GlobalState: Last sync data state does not exist.
2023-12-20 14:02:17.311 [info] Snippets: Migrating last sync user data. Resource does not exist.
2023-12-20 14:02:17.311 [info] Snippets: Last sync data state does not exist.
2023-12-20 14:02:17.371 [info] Tasks: Migrating last sync user data. Resource does not exist.
2023-12-20 14:02:17.371 [info] Tasks: Last sync data state does not exist.
2023-12-20 14:02:17.437 [info] GlobalState: Migrating last sync user data. Resource does not exist.
2023-12-20 14:02:17.437 [info] GlobalState: Last sync data state does not exist.
2023-12-20 14:02:17.530 [info] Extensions: Migrating last sync user data. Resource does not exist.
2023-12-20 14:02:17.531 [info] Extensions: Last sync data state does not exist.
2023-12-20 14:02:17.806 [info] Profiles: Migrating last sync user data. Resource does not exist.
2023-12-20 14:02:17.807 [info] Profiles: Last sync data state does not exist.
2023-12-20 14:02:17.878 [info] Profiles: Migrating last sync user data. Resource does not exist.
2023-12-20 14:02:17.878 [info] Profiles: Last sync data state does not exist.
2023-12-20 14:02:26.003 [info] Settings: Updated local settings
2023-12-20 14:02:26.008 [info] Settings: Updated last synchronized settings
2023-12-20 14:02:26.012 [info] Keybindings: No changes found during synchronizing keybindings.
2023-12-20 14:02:26.017 [info] Keybindings: Updated last synchronized keybindings
2023-12-20 14:02:26.019 [info] Snippets: No changes found during synchronizing snippets.
2023-12-20 14:02:26.023 [info] Snippets: Updated last synchronized snippets
2023-12-20 14:02:26.025 [info] Tasks: No changes found during synchronizing tasks.
2023-12-20 14:02:26.029 [info] Tasks: Updated last synchronized tasks
2023-12-20 14:02:26.036 [info] GlobalState: Updated global state ["nps/lastSessionDate","nps/sessionCount","workbench.telemetryOptOutShown","workbench.welcomePage.walkthroughMetadata","workbench.view.extension.test.state.hidden","workbench.statusbar.hidden","ces/skipSurvey","workbench.explorer.views.state.hidden","workbench.activity.pinnedViewlets2","workbench.panel.pinnedPanels","colorThemeData","memento/gettingStartedService"]
2023-12-20 14:02:26.036 [info] GlobalState: Updated local ui state
2023-12-20 14:02:26.517 [info] GlobalState: Updated remote ui state. Added: workbench.activityBar.location,cpp.1.lastSessionDate,cpp.1.sessionCount,java.2.lastSessionDate,java.2.sessionCount,javascript.1.lastSessionDate,javascript.1.sessionCount,typescript.1.lastSessionDate,typescript.1.sessionCount,csharp.1.lastSessionDate,csharp.1.sessionCount,~remote.forwardedPortsContainer.hidden,themeUpdatedNotificationShown.
2023-12-20 14:02:26.519 [info] GlobalState: Migrating last sync user data. Resource does not exist.
2023-12-20 14:02:26.525 [info] GlobalState: Last sync resource does not exist locally.
2023-12-20 14:02:26.532 [info] GlobalState: Updated last synchronized ui state
