2023-12-20 14:02:35.442 [info] Added views:workbench.panel.markers.view in workbench.panel.markers
2023-12-20 14:02:35.442 [info] Added views:workbench.panel.output in workbench.panel.output
2023-12-20 14:02:35.442 [info] Added views:terminal in terminal
2023-12-20 14:02:35.442 [info] Added views:outline in workbench.view.explorer
2023-12-20 14:02:35.442 [info] Added views:workbench.scm in workbench.view.scm
2023-12-20 14:02:35.442 [info] Added views:workbench.view.search in workbench.view.search
2023-12-20 14:02:35.442 [info] Added views:timeline in workbench.view.explorer
2023-12-20 14:02:35.442 [info] Added view workbench.explorer.fileView in the container workbench.view.explorer and showing it. undefined undefined undefined
2023-12-20 14:02:35.442 [info] Added views:workbench.explorer.fileView in workbench.view.explorer
2023-12-20 14:02:36.054 [info] Added views:workbench.debug.welcome in workbench.view.debug
2023-12-20 14:02:37.380 [info] Added views:workbench.panel.repl.view in workbench.panel.repl
2023-12-20 14:02:39.034 [info] Added views:~remote.forwardedPorts in ~remote.forwardedPortsContainer
2023-12-20 14:03:01.285 [info] Added views:workbench.views.extensions.installed,workbench.views.extensions.popular,extensions.recommendedList in workbench.view.extensions
2023-12-20 14:03:01.292 [info] Removed views:workbench.views.extensions.popular from workbench.view.extensions
2023-12-20 14:03:25.719 [info] Removed views:extensions.recommendedList,workbench.views.extensions.installed from workbench.view.extensions
2023-12-20 14:03:25.734 [info] Added views:workbench.views.extensions.marketplace in workbench.view.extensions
2023-12-20 14:04:16.216 [info] Added views:pr:github,issues:github in workbench.view.extension.github-pull-requests
2023-12-20 14:04:16.727 [info] Removed views:issues:github,pr:github from workbench.view.extension.github-pull-requests
2023-12-20 14:04:16.729 [info] Added views:github:login in workbench.view.extension.github-pull-requests
2023-12-20 14:04:52.132 [info] Added views:workbench.panel.comments in workbench.panel.comments
2023-12-20 14:04:52.217 [info] Removed views:github:login from workbench.view.extension.github-pull-requests
2023-12-20 14:04:52.272 [info] Added views:pr:github,issues:github in workbench.view.extension.github-pull-requests
