2023-12-20 14:01:55.655 [info] Reading sessions from keychain...
2023-12-20 14:01:55.655 [info] Getting sessions for all scopes...
2023-12-20 14:01:55.655 [info] Got 0 sessions for ...
2023-12-20 14:01:55.655 [info] Getting sessions for user:email...
2023-12-20 14:01:55.655 [info] Got 0 sessions for user:email...
2023-12-20 14:01:55.707 [info] Getting sessions for all scopes...
2023-12-20 14:01:55.707 [info] Got 0 sessions for ...
2023-12-20 14:01:55.727 [info] Getting sessions for all scopes...
2023-12-20 14:01:55.728 [info] Got 0 sessions for ...
2023-12-20 14:01:57.647 [info] Logging in for the following scopes: user:email
2023-12-20 14:01:57.656 [info] Trying without local server... (user:email)
2023-12-20 14:02:04.626 [info] Exchanging code for token...
2023-12-20 14:02:06.053 [info] Token exchange success!
2023-12-20 14:02:06.056 [info] Getting user info...
2023-12-20 14:02:07.395 [info] Got account info!
2023-12-20 14:02:07.396 [info] Storing 1 sessions...
2023-12-20 14:02:16.533 [info] Reading sessions from keychain...
2023-12-20 14:02:16.533 [info] Stored 1 sessions!
2023-12-20 14:02:16.533 [info] Login success!
2023-12-20 14:02:16.534 [info] Got stored sessions!
2023-12-20 14:02:16.534 [info] Got 1 verified sessions.
2023-12-20 14:02:16.537 [info] Getting sessions for user:email...
2023-12-20 14:02:16.538 [info] Got 1 sessions for user:email...
