2023-12-20 14:02:36.939 [info] Extension host with pid 22922 started
2023-12-20 14:02:36.939 [info] Skipping acquiring lock for /home/yusuf/.config/Code/User/workspaceStorage/6ab6f0e5bfb43a566c8cd54719a55c67.
2023-12-20 14:02:37.374 [info] ExtensionService#_doActivateExtension vscode.emmet, startup: false, activationEvent: 'onLanguage'
2023-12-20 14:02:37.563 [info] ExtensionService#_doActivateExtension vscode.git-base, startup: true, activationEvent: '*'
2023-12-20 14:02:37.877 [info] ExtensionService#_doActivateExtension vscode.github, startup: true, activationEvent: '*'
2023-12-20 14:02:38.168 [info] Eager extensions activated
2023-12-20 14:02:38.184 [info] ExtensionService#_doActivateExtension vscode.debug-auto-launch, startup: false, activationEvent: 'onStartupFinished'
2023-12-20 14:02:38.191 [info] ExtensionService#_doActivateExtension vscode.merge-conflict, startup: false, activationEvent: 'onStartupFinished'
2023-12-20 14:02:38.212 [info] ExtensionService#_doActivateExtension Catppuccin.catppuccin-vsc, startup: false, activationEvent: 'onStartupFinished'
2023-12-20 14:02:39.145 [info] ExtensionService#_doActivateExtension vscode.github-authentication, startup: false, activationEvent: 'onAuthenticationRequest:github'
2023-12-20 14:02:43.751 [info] ExtensionService#_doActivateExtension vscode.git, startup: false, activationEvent: 'api', root cause: vscode.github
2023-12-20 14:02:53.383 [warning] [Decorations] CAPPING events from decorations provider vscode.git 10027
2023-12-20 14:02:55.945 [warning] [Decorations] CAPPING events from decorations provider vscode.git 10035
2023-12-20 14:03:11.170 [info] ExtensionService#_doActivateExtension vscode.json-language-features, startup: false, activationEvent: 'onLanguage:jsonc'
2023-12-20 14:03:11.219 [info] ExtensionService#_doActivateExtension vscode.typescript-language-features, startup: false, activationEvent: 'onLanguage:jsonc'
2023-12-20 14:04:16.374 [info] ExtensionService#_doActivateExtension GitHub.vscode-pull-request-github, startup: false, activationEvent: 'onStartupFinished'
2023-12-20 14:07:08.873 [warning] [Decorations] CAPPING events from decorations provider vscode.git 10052
2023-12-20 14:08:55.765 [warning] [Decorations] CAPPING events from decorations provider vscode.git 10000
2023-12-20 14:09:04.887 [warning] [Decorations] CAPPING events from decorations provider vscode.git 10000
2023-12-20 14:09:11.439 [warning] [Decorations] CAPPING events from decorations provider vscode.git 10000
