2023-12-20 14:02:40.661 [info] Getting Manifest... catppuccin.catppuccin-vsc
2023-12-20 14:02:40.663 [info] Getting Manifest... enkia.tokyo-night
2023-12-20 14:02:40.682 [info] Installing extension: enkia.tokyo-night
2023-12-20 14:02:40.970 [info] Installing extension: catppuccin.catppuccin-vsc
2023-12-20 14:02:42.317 [warning] Extension signature verification failed with error 'UnknownError': catppuccin.catppuccin-vsc
2023-12-20 14:02:42.369 [warning] Extension signature verification failed with error 'UnknownError': enkia.tokyo-night
2023-12-20 14:02:42.381 [info] Extracted extension to file:///home/yusuf/.vscode/extensions/catppuccin.catppuccin-vsc-3.8.2: catppuccin.catppuccin-vsc
2023-12-20 14:02:42.388 [info] Renamed to /home/yusuf/.vscode/extensions/catppuccin.catppuccin-vsc-3.8.2
2023-12-20 14:02:42.393 [info] Extracting extension completed. catppuccin.catppuccin-vsc
2023-12-20 14:02:42.413 [info] Extension installed successfully: catppuccin.catppuccin-vsc
2023-12-20 14:02:42.424 [info] Marked extension as uninstalled catppuccin.catppuccin-vsc-3.6.0
2023-12-20 14:02:42.448 [info] Extracted extension to file:///home/yusuf/.vscode/extensions/enkia.tokyo-night-1.0.6: enkia.tokyo-night
2023-12-20 14:02:42.452 [info] Renamed to /home/yusuf/.vscode/extensions/enkia.tokyo-night-1.0.6
2023-12-20 14:02:42.455 [info] Extracting extension completed. enkia.tokyo-night
2023-12-20 14:02:42.468 [info] Extension installed successfully: enkia.tokyo-night
2023-12-20 14:02:42.520 [error] [uncaught exception in sharedProcess]: Error: ENOENT: no such file or directory, stat '/home/yusuf/.vscode/extensions/extensions.json.vsctmp': EntryNotFound (FileSystemError): Error: ENOENT: no such file or directory, stat '/home/yusuf/.vscode/extensions/extensions.json.vsctmp'
    at r.create (/opt/visual-studio-code/resources/app/out/vs/code/node/sharedProcess/sharedProcessMain.js:51:30056)
    at a (/opt/visual-studio-code/resources/app/out/vs/code/node/sharedProcess/sharedProcessMain.js:51:30170)
    at s.fb (/opt/visual-studio-code/resources/app/out/vs/code/node/sharedProcess/sharedProcessMain.js:56:36175)
    at s.stat (/opt/visual-studio-code/resources/app/out/vs/code/node/sharedProcess/sharedProcessMain.js:56:28621)
    at async E.stat (/opt/visual-studio-code/resources/app/out/vs/code/node/sharedProcess/sharedProcessMain.js:56:15732)
    at async Y.tb (/opt/visual-studio-code/resources/app/out/vs/code/node/sharedProcess/sharedProcessMain.js:100:111319)
2023-12-20 14:02:42.526 [info] Marked extension as uninstalled enkia.tokyo-night-1.0.5
2023-12-20 14:04:13.227 [info] Getting Manifest... github.vscode-pull-request-github
2023-12-20 14:04:13.266 [info] Installing extension: github.vscode-pull-request-github
2023-12-20 14:04:15.610 [warning] Extension signature verification failed with error 'UnknownError': github.vscode-pull-request-github
2023-12-20 14:04:15.830 [info] Extracted extension to file:///home/yusuf/.vscode/extensions/github.vscode-pull-request-github-0.78.1: github.vscode-pull-request-github
2023-12-20 14:04:15.836 [info] Renamed to /home/yusuf/.vscode/extensions/github.vscode-pull-request-github-0.78.1
2023-12-20 14:04:15.857 [info] Extracting extension completed. github.vscode-pull-request-github
2023-12-20 14:04:15.926 [info] Extension installed successfully: github.vscode-pull-request-github
2023-12-20 14:04:15.980 [error] [uncaught exception in sharedProcess]: Error: ENOENT: no such file or directory, stat '/home/yusuf/.vscode/extensions/extensions.json.vsctmp': EntryNotFound (FileSystemError): Error: ENOENT: no such file or directory, stat '/home/yusuf/.vscode/extensions/extensions.json.vsctmp'
    at r.create (/opt/visual-studio-code/resources/app/out/vs/code/node/sharedProcess/sharedProcessMain.js:51:30056)
    at a (/opt/visual-studio-code/resources/app/out/vs/code/node/sharedProcess/sharedProcessMain.js:51:30170)
    at s.fb (/opt/visual-studio-code/resources/app/out/vs/code/node/sharedProcess/sharedProcessMain.js:56:36175)
    at s.stat (/opt/visual-studio-code/resources/app/out/vs/code/node/sharedProcess/sharedProcessMain.js:56:28621)
    at async E.stat (/opt/visual-studio-code/resources/app/out/vs/code/node/sharedProcess/sharedProcessMain.js:56:15732)
    at async Y.tb (/opt/visual-studio-code/resources/app/out/vs/code/node/sharedProcess/sharedProcessMain.js:100:111319)
