2023-12-20 13:28:46.810 [info] Log level: Info
2023-12-20 13:28:46.810 [info] Validating found git in: "git"
2023-12-20 13:28:46.810 [info] Using git "2.43.0" from "git"
2023-12-20 13:29:14.298 [info] Log level: Info
2023-12-20 13:29:14.298 [info] Validating found git in: "git"
2023-12-20 13:29:14.298 [info] Using git "2.43.0" from "git"
2023-12-20 13:29:14.337 [info] > git rev-parse --show-toplevel [14ms]
2023-12-20 13:29:14.374 [info] > git rev-parse --git-dir --git-common-dir [16ms]
2023-12-20 13:29:14.404 [info] Open repository: /home/yusuf/Antar-hypr
2023-12-20 13:29:14.482 [info] > git rev-parse --show-toplevel [18ms]
2023-12-20 13:29:14.484 [info] > git config --get commit.template [43ms]
2023-12-20 13:29:14.516 [info] > git rev-parse --show-toplevel [14ms]
2023-12-20 13:29:14.536 [info] > git for-each-ref --format=%(refname)%00%(upstream:short)%00%(objectname)%00%(upstream:track)%00%(upstream:remotename)%00%(upstream:remoteref) refs/heads/main refs/remotes/main [22ms]
2023-12-20 13:29:14.553 [warning] ENOENT: no such file or directory, open '/home/yusuf/Antar-hypr/.git/refs/remotes/origin/main'
2023-12-20 13:29:14.555 [info] > git rev-parse --show-toplevel [21ms]
2023-12-20 13:29:14.568 [info] > git rev-parse refs/remotes/origin/main [15ms]
2023-12-20 13:29:14.595 [info] > git rev-parse --show-toplevel [27ms]
2023-12-20 13:29:14.617 [info] > git rev-parse --git-dir --git-common-dir [3ms]
2023-12-20 13:29:14.631 [info] Open repository: /home/yusuf/Antar-hypr/yay
2023-12-20 13:29:14.675 [info] > git config --get commit.template [16ms]
2023-12-20 13:29:14.686 [info] > git for-each-ref --format=%(refname)%00%(upstream:short)%00%(objectname)%00%(upstream:track)%00%(upstream:remotename)%00%(upstream:remoteref) refs/heads/master refs/remotes/master [13ms]
2023-12-20 13:29:14.725 [warning] ENOENT: no such file or directory, open '/home/yusuf/Antar-hypr/yay/.git/refs/remotes/origin/master'
2023-12-20 13:29:14.729 [info] > git rev-parse refs/remotes/origin/master [4ms]
2023-12-20 13:29:14.795 [info] > git status -z -uall [48ms]
2023-12-20 13:29:14.887 [info] > git config --get commit.template [19ms]
2023-12-20 13:29:14.900 [info] > git for-each-ref --format=%(refname)%00%(upstream:short)%00%(objectname)%00%(upstream:track)%00%(upstream:remotename)%00%(upstream:remoteref) refs/heads/master refs/remotes/master [3ms]
2023-12-20 13:29:14.937 [warning] ENOENT: no such file or directory, open '/home/yusuf/Antar-hypr/yay/.git/refs/remotes/origin/master'
2023-12-20 13:29:14.986 [info] > git rev-parse refs/remotes/origin/master [49ms]
2023-12-20 13:29:14.997 [info] > git check-ignore -v -z --stdin [14ms]
2023-12-20 13:29:15.006 [info] > git status -z -uall [11ms]
2023-12-20 13:29:15.548 [info] > git check-ignore -v -z --stdin [18ms]
2023-12-20 13:29:15.552 [info] > git check-ignore -v -z --stdin [8ms]
2023-12-20 13:29:15.609 [info] > git status -z -uall [1030ms]
2023-12-20 13:29:15.866 [info] > git for-each-ref --format=%(refname)%00%(upstream:short)%00%(objectname)%00%(upstream:track)%00%(upstream:remotename)%00%(upstream:remoteref) refs/heads/main refs/remotes/main [122ms]
2023-12-20 13:29:15.874 [info] > git config --get commit.template [180ms]
2023-12-20 13:29:15.907 [warning] ENOENT: no such file or directory, open '/home/yusuf/Antar-hypr/.git/refs/remotes/origin/main'
2023-12-20 13:29:15.911 [info] > git rev-parse refs/remotes/origin/main [4ms]
2023-12-20 13:29:16.415 [info] > git check-ignore -v -z --stdin [4ms]
2023-12-20 13:29:16.777 [info] > git status -z -uall [854ms]
2023-12-20 13:29:18.328 [info] > git config --get commit.template [13ms]
2023-12-20 13:29:18.329 [info] > git for-each-ref --format=%(refname)%00%(upstream:short)%00%(objectname)%00%(upstream:track)%00%(upstream:remotename)%00%(upstream:remoteref) refs/heads/main refs/remotes/main [8ms]
2023-12-20 13:29:18.335 [warning] ENOENT: no such file or directory, open '/home/yusuf/Antar-hypr/.git/refs/remotes/origin/main'
2023-12-20 13:29:18.337 [info] > git rev-parse refs/remotes/origin/main [1ms]
2023-12-20 13:29:18.763 [info] > git status -z -uall [419ms]
2023-12-20 13:29:19.838 [info] > git check-ignore -v -z --stdin [2ms]
2023-12-20 13:29:24.360 [info] > git config --get commit.template [14ms]
2023-12-20 13:29:24.361 [info] > git for-each-ref --format=%(refname)%00%(upstream:short)%00%(objectname)%00%(upstream:track)%00%(upstream:remotename)%00%(upstream:remoteref) refs/heads/main refs/remotes/main [3ms]
2023-12-20 13:29:24.369 [warning] ENOENT: no such file or directory, open '/home/yusuf/Antar-hypr/.git/refs/remotes/origin/main'
2023-12-20 13:29:24.372 [info] > git rev-parse refs/remotes/origin/main [2ms]
2023-12-20 13:29:24.852 [info] > git status -z -uall [472ms]
2023-12-20 13:29:25.540 [warning] ENOENT: no such file or directory, open '/home/yusuf/Antar-hypr/yay/.git/HEAD'
2023-12-20 13:29:25.553 [warning] getRemotes() - ENOENT: no such file or directory, open '/home/yusuf/Antar-hypr/yay/.git/config'
2023-12-20 13:29:25.577 [warning] ENOENT: no such file or directory, open '/home/yusuf/Antar-hypr/yay/.git/HEAD'
2023-12-20 13:29:25.593 [warning] getRemotes() - ENOENT: no such file or directory, open '/home/yusuf/Antar-hypr/yay/.git/config'
2023-12-20 13:29:26.169 [info] > git check-ignore -v -z --stdin [2ms]
2023-12-20 13:29:29.889 [info] > git config --get commit.template [7ms]
2023-12-20 13:29:29.889 [info] > git for-each-ref --format=%(refname)%00%(upstream:short)%00%(objectname)%00%(upstream:track)%00%(upstream:remotename)%00%(upstream:remoteref) refs/heads/main refs/remotes/main [2ms]
2023-12-20 13:29:29.897 [warning] ENOENT: no such file or directory, open '/home/yusuf/Antar-hypr/.git/refs/remotes/origin/main'
2023-12-20 13:29:29.898 [info] > git rev-parse refs/remotes/origin/main [2ms]
2023-12-20 13:29:30.349 [info] > git status -z -uall [445ms]
2023-12-20 13:29:31.250 [info] > git show --textconv :install.sh [17ms]
2023-12-20 13:29:31.252 [info] > git ls-files --stage -- /home/yusuf/Antar-hypr/install.sh [3ms]
2023-12-20 13:29:31.270 [info] > git cat-file -s 7b5401b469ee9e58b2f417cbc1be393b6b6548a4 [4ms]
2023-12-20 13:29:35.394 [info] > git config --get commit.template [15ms]
2023-12-20 13:29:35.395 [info] > git for-each-ref --format=%(refname)%00%(upstream:short)%00%(objectname)%00%(upstream:track)%00%(upstream:remotename)%00%(upstream:remoteref) refs/heads/main refs/remotes/main [4ms]
2023-12-20 13:29:35.401 [warning] ENOENT: no such file or directory, open '/home/yusuf/Antar-hypr/.git/refs/remotes/origin/main'
2023-12-20 13:29:35.402 [info] > git rev-parse refs/remotes/origin/main [2ms]
2023-12-20 13:29:35.862 [info] > git status -z -uall [455ms]
2023-12-20 13:29:40.897 [info] > git config --get commit.template [10ms]
2023-12-20 13:29:40.899 [info] > git for-each-ref --format=%(refname)%00%(upstream:short)%00%(objectname)%00%(upstream:track)%00%(upstream:remotename)%00%(upstream:remoteref) refs/heads/main refs/remotes/main [3ms]
2023-12-20 13:29:40.906 [warning] ENOENT: no such file or directory, open '/home/yusuf/Antar-hypr/.git/refs/remotes/origin/main'
2023-12-20 13:29:40.908 [info] > git rev-parse refs/remotes/origin/main [2ms]
2023-12-20 13:29:41.361 [info] > git status -z -uall [447ms]
2023-12-20 13:32:51.504 [info] > git config --get commit.template [11ms]
2023-12-20 13:32:51.506 [info] > git for-each-ref --format=%(refname)%00%(upstream:short)%00%(objectname)%00%(upstream:track)%00%(upstream:remotename)%00%(upstream:remoteref) refs/heads/main refs/remotes/main [7ms]
2023-12-20 13:32:51.514 [warning] ENOENT: no such file or directory, open '/home/yusuf/Antar-hypr/.git/refs/remotes/origin/main'
2023-12-20 13:32:51.515 [info] > git rev-parse refs/remotes/origin/main [1ms]
2023-12-20 13:32:51.996 [info] > git status -z -uall [474ms]
2023-12-20 13:32:57.031 [info] > git config --get commit.template [7ms]
2023-12-20 13:32:57.032 [info] > git for-each-ref --format=%(refname)%00%(upstream:short)%00%(objectname)%00%(upstream:track)%00%(upstream:remotename)%00%(upstream:remoteref) refs/heads/main refs/remotes/main [2ms]
2023-12-20 13:32:57.039 [warning] ENOENT: no such file or directory, open '/home/yusuf/Antar-hypr/.git/refs/remotes/origin/main'
2023-12-20 13:32:57.041 [info] > git rev-parse refs/remotes/origin/main [2ms]
2023-12-20 13:32:57.470 [info] > git status -z -uall [423ms]
2023-12-20 13:33:27.274 [info] > git config --get commit.template [2ms]
2023-12-20 13:33:27.294 [info] > git for-each-ref --format=%(refname)%00%(upstream:short)%00%(objectname)%00%(upstream:track)%00%(upstream:remotename)%00%(upstream:remoteref) refs/heads/main refs/remotes/main [5ms]
2023-12-20 13:33:27.298 [warning] ENOENT: no such file or directory, open '/home/yusuf/Antar-hypr/.git/refs/remotes/origin/main'
2023-12-20 13:33:27.299 [info] > git rev-parse refs/remotes/origin/main [1ms]
2023-12-20 13:33:27.739 [info] > git status -z -uall [433ms]
2023-12-20 13:33:50.611 [info] > git config --get commit.template [2ms]
2023-12-20 13:33:50.630 [info] > git for-each-ref --format=%(refname)%00%(upstream:short)%00%(objectname)%00%(upstream:track)%00%(upstream:remotename)%00%(upstream:remoteref) refs/heads/main refs/remotes/main [4ms]
2023-12-20 13:33:50.636 [warning] ENOENT: no such file or directory, open '/home/yusuf/Antar-hypr/.git/refs/remotes/origin/main'
2023-12-20 13:33:50.638 [info] > git rev-parse refs/remotes/origin/main [1ms]
2023-12-20 13:33:51.090 [info] > git status -z -uall [445ms]
2023-12-20 13:33:57.599 [info] > git config --get commit.template [9ms]
2023-12-20 13:33:57.621 [info] > git for-each-ref --format=%(refname)%00%(upstream:short)%00%(objectname)%00%(upstream:track)%00%(upstream:remotename)%00%(upstream:remoteref) refs/heads/main refs/remotes/main [6ms]
2023-12-20 13:33:57.627 [warning] ENOENT: no such file or directory, open '/home/yusuf/Antar-hypr/.git/refs/remotes/origin/main'
2023-12-20 13:33:57.629 [info] > git rev-parse refs/remotes/origin/main [2ms]
2023-12-20 13:33:58.116 [info] > git status -z -uall [475ms]
2023-12-20 13:34:27.720 [info] > git config --get commit.template [21ms]
2023-12-20 13:34:27.723 [info] > git for-each-ref --format=%(refname)%00%(upstream:short)%00%(objectname)%00%(upstream:track)%00%(upstream:remotename)%00%(upstream:remoteref) refs/heads/main refs/remotes/main [5ms]
2023-12-20 13:34:27.731 [warning] ENOENT: no such file or directory, open '/home/yusuf/Antar-hypr/.git/refs/remotes/origin/main'
2023-12-20 13:34:27.732 [info] > git rev-parse refs/remotes/origin/main [1ms]
2023-12-20 13:34:28.173 [info] > git status -z -uall [435ms]
2023-12-20 13:34:57.455 [info] > git config --get commit.template [24ms]
2023-12-20 13:34:57.458 [info] > git for-each-ref --format=%(refname)%00%(upstream:short)%00%(objectname)%00%(upstream:track)%00%(upstream:remotename)%00%(upstream:remoteref) refs/heads/main refs/remotes/main [5ms]
2023-12-20 13:34:57.464 [warning] ENOENT: no such file or directory, open '/home/yusuf/Antar-hypr/.git/refs/remotes/origin/main'
2023-12-20 13:34:57.466 [info] > git rev-parse refs/remotes/origin/main [2ms]
2023-12-20 13:34:57.960 [info] > git status -z -uall [481ms]
2023-12-20 13:35:02.980 [info] > git config --get commit.template [5ms]
2023-12-20 13:35:02.981 [info] > git for-each-ref --format=%(refname)%00%(upstream:short)%00%(objectname)%00%(upstream:track)%00%(upstream:remotename)%00%(upstream:remoteref) refs/heads/main refs/remotes/main [2ms]
2023-12-20 13:35:02.988 [warning] ENOENT: no such file or directory, open '/home/yusuf/Antar-hypr/.git/refs/remotes/origin/main'
2023-12-20 13:35:02.991 [info] > git rev-parse refs/remotes/origin/main [4ms]
2023-12-20 13:35:03.494 [info] > git status -z -uall [497ms]
2023-12-20 13:35:03.637 [info] > git check-ignore -v -z --stdin [2ms]
2023-12-20 13:35:04.756 [info] > git check-ignore -v -z --stdin [4ms]
2023-12-20 13:35:29.062 [info] > git config --get commit.template [16ms]
2023-12-20 13:35:29.066 [info] > git for-each-ref --format=%(refname)%00%(upstream:short)%00%(objectname)%00%(upstream:track)%00%(upstream:remotename)%00%(upstream:remoteref) refs/heads/main refs/remotes/main [7ms]
2023-12-20 13:35:29.075 [warning] ENOENT: no such file or directory, open '/home/yusuf/Antar-hypr/.git/refs/remotes/origin/main'
2023-12-20 13:35:29.078 [info] > git rev-parse refs/remotes/origin/main [4ms]
2023-12-20 13:35:29.574 [info] > git status -z -uall [484ms]
2023-12-20 13:37:43.679 [info] > git config --get commit.template [17ms]
2023-12-20 13:37:43.681 [info] > git for-each-ref --format=%(refname)%00%(upstream:short)%00%(objectname)%00%(upstream:track)%00%(upstream:remotename)%00%(upstream:remoteref) refs/heads/main refs/remotes/main [5ms]
2023-12-20 13:37:43.690 [warning] ENOENT: no such file or directory, open '/home/yusuf/Antar-hypr/.git/refs/remotes/origin/main'
2023-12-20 13:37:43.692 [info] > git rev-parse refs/remotes/origin/main [2ms]
2023-12-20 13:37:44.301 [info] > git status -z -uall [600ms] (cancelled)
2023-12-20 13:40:11.061 [info] > git check-ignore -v -z --stdin [2ms]
2023-12-20 13:40:13.587 [info] > git check-ignore -v -z --stdin [1ms]
2023-12-20 13:40:14.935 [info] > git check-ignore -v -z --stdin [1ms]
2023-12-20 13:42:01.780 [info] > git check-ignore -v -z --stdin [2ms]
2023-12-20 13:42:18.006 [info] > git check-ignore -v -z --stdin [2ms]
2023-12-20 13:42:29.661 [info] > git check-ignore -v -z --stdin [2ms]
2023-12-20 13:42:39.733 [info] > git check-ignore -v -z --stdin [2ms]
2023-12-20 13:42:47.892 [info] > git check-ignore -v -z --stdin [2ms]
2023-12-20 13:42:56.475 [info] > git check-ignore -v -z --stdin [2ms]
2023-12-20 13:43:04.730 [info] > git check-ignore -v -z --stdin [2ms]
2023-12-20 13:43:12.519 [info] > git check-ignore -v -z --stdin [2ms]
2023-12-20 13:43:22.499 [info] > git check-ignore -v -z --stdin [2ms]
2023-12-20 13:43:27.698 [info] > git check-ignore -v -z --stdin [1ms]
