2023-12-20 14:02:39.298 [info] Reading sessions from keychain...
2023-12-20 14:02:39.298 [info] Getting sessions for all scopes...
2023-12-20 14:02:39.298 [info] Getting sessions for user:email...
2023-12-20 14:02:39.329 [info] Got 0 sessions for ...
2023-12-20 14:02:39.330 [info] Got 0 sessions for user:email...
2023-12-20 14:02:40.585 [info] Getting sessions for all scopes...
2023-12-20 14:02:40.585 [info] Got 0 sessions for ...
2023-12-20 14:02:55.050 [info] Getting sessions for read:user,repo,user:email,workflow...
2023-12-20 14:02:55.050 [info] Got 0 sessions for read:user,repo,user:email,workflow...
2023-12-20 14:04:16.632 [info] Getting sessions for project,read:org,read:user,repo,user:email,workflow...
2023-12-20 14:04:16.632 [info] Got 0 sessions for project,read:org,read:user,repo,user:email,workflow...
2023-12-20 14:04:16.637 [info] Getting sessions for read:user,repo,user:email,workflow...
2023-12-20 14:04:16.637 [info] Got 0 sessions for read:user,repo,user:email,workflow...
2023-12-20 14:04:16.643 [info] Getting sessions for read:user,repo,user:email...
2023-12-20 14:04:16.643 [info] Got 0 sessions for read:user,repo,user:email...
2023-12-20 14:04:16.646 [info] Getting sessions for read:user,repo,user:email,workflow...
2023-12-20 14:04:16.646 [info] Got 0 sessions for read:user,repo,user:email,workflow...
2023-12-20 14:04:22.859 [info] Getting sessions for project,read:org,read:user,repo,user:email,workflow...
2023-12-20 14:04:22.859 [info] Got 0 sessions for project,read:org,read:user,repo,user:email,workflow...
2023-12-20 14:04:22.861 [info] Getting sessions for read:user,repo,user:email,workflow...
2023-12-20 14:04:22.861 [info] Got 0 sessions for read:user,repo,user:email,workflow...
2023-12-20 14:04:22.863 [info] Getting sessions for read:user,repo,user:email...
2023-12-20 14:04:22.863 [info] Got 0 sessions for read:user,repo,user:email...
2023-12-20 14:04:22.865 [info] Getting sessions for read:user,repo,user:email,workflow...
2023-12-20 14:04:22.865 [info] Got 0 sessions for read:user,repo,user:email,workflow...
2023-12-20 14:04:26.151 [info] Logging in for the following scopes: read:user repo user:email workflow
2023-12-20 14:04:26.180 [info] Trying without local server... (read:user repo user:email workflow)
2023-12-20 14:04:45.056 [info] Exchanging code for token...
2023-12-20 14:04:47.052 [info] Token exchange success!
2023-12-20 14:04:47.062 [info] Getting user info...
2023-12-20 14:04:47.956 [info] Got account info!
2023-12-20 14:04:47.957 [info] Storing 1 sessions...
2023-12-20 14:04:52.000 [info] Reading sessions from keychain...
2023-12-20 14:04:52.000 [info] Stored 1 sessions!
2023-12-20 14:04:52.000 [info] Login success!
2023-12-20 14:04:52.002 [info] Got stored sessions!
2023-12-20 14:04:52.002 [info] Got 1 verified sessions.
2023-12-20 14:04:52.009 [info] Getting sessions for user:email...
2023-12-20 14:04:52.009 [info] Got 0 sessions for user:email...
2023-12-20 14:04:52.062 [info] Getting sessions for read:user,repo,user:email,workflow...
2023-12-20 14:04:52.062 [info] Got 1 sessions for read:user,repo,user:email,workflow...
2023-12-20 14:04:52.063 [info] Getting sessions for project,read:org,read:user,repo,user:email,workflow...
2023-12-20 14:04:52.063 [info] Got 0 sessions for project,read:org,read:user,repo,user:email,workflow...
2023-12-20 14:04:52.142 [info] Getting sessions for read:user,repo,user:email,workflow...
2023-12-20 14:04:52.142 [info] Got 1 sessions for read:user,repo,user:email,workflow...
2023-12-20 14:04:53.214 [info] Getting sessions for read:user,repo,user:email,workflow...
2023-12-20 14:04:53.214 [info] Got 1 sessions for read:user,repo,user:email,workflow...
2023-12-20 14:08:53.795 [info] Getting sessions for read:user,repo,user:email,workflow...
2023-12-20 14:08:53.796 [info] Got 1 sessions for read:user,repo,user:email,workflow...
