2023-12-20 13:28:44.333 [info] Added views:workbench.panel.markers.view in workbench.panel.markers
2023-12-20 13:28:44.333 [info] Added views:workbench.panel.output in workbench.panel.output
2023-12-20 13:28:44.333 [info] Added views:terminal in terminal
2023-12-20 13:28:44.333 [info] Added views:outline in workbench.view.explorer
2023-12-20 13:28:44.333 [info] Added views:workbench.scm in workbench.view.scm
2023-12-20 13:28:44.333 [info] Added views:workbench.view.search in workbench.view.search
2023-12-20 13:28:44.333 [info] Added views:timeline in workbench.view.explorer
2023-12-20 13:28:44.333 [info] Added views:workbench.explorer.emptyView in workbench.view.explorer
2023-12-20 13:28:45.748 [info] Added views:workbench.debug.variablesView,workbench.debug.watchExpressionsView,workbench.debug.callStackView,workbench.debug.breakPointsView in workbench.view.debug
2023-12-20 13:28:46.191 [info] Added views:workbench.panel.repl.view in workbench.panel.repl
2023-12-20 13:28:46.194 [info] Removed views:workbench.debug.breakPointsView,workbench.debug.callStackView,workbench.debug.watchExpressionsView,workbench.debug.variablesView from workbench.view.debug
2023-12-20 13:28:46.197 [info] Added views:workbench.debug.welcome in workbench.view.debug
2023-12-20 13:28:46.395 [info] Added views:~remote.forwardedPorts in ~remote.forwardedPortsContainer
2023-12-20 13:29:12.936 [info] Added views:workbench.panel.markers.view in workbench.panel.markers
2023-12-20 13:29:12.936 [info] Added views:workbench.panel.output in workbench.panel.output
2023-12-20 13:29:12.936 [info] Added views:terminal in terminal
2023-12-20 13:29:12.936 [info] Added views:outline in workbench.view.explorer
2023-12-20 13:29:12.936 [info] Added views:workbench.scm in workbench.view.scm
2023-12-20 13:29:12.937 [info] Added views:workbench.view.search in workbench.view.search
2023-12-20 13:29:12.937 [info] Added views:timeline in workbench.view.explorer
2023-12-20 13:29:12.937 [info] Added views:workbench.explorer.fileView in workbench.view.explorer
2023-12-20 13:29:13.738 [info] Added views:workbench.debug.variablesView,workbench.debug.watchExpressionsView,workbench.debug.callStackView,workbench.debug.breakPointsView in workbench.view.debug
2023-12-20 13:29:14.006 [info] Added views:~remote.forwardedPorts in ~remote.forwardedPortsContainer
2023-12-20 13:29:14.066 [info] Added views:workbench.panel.repl.view in workbench.panel.repl
2023-12-20 13:29:14.070 [info] Removed views:workbench.debug.breakPointsView,workbench.debug.callStackView,workbench.debug.watchExpressionsView,workbench.debug.variablesView from workbench.view.debug
2023-12-20 13:29:14.071 [info] Added views:workbench.debug.welcome in workbench.view.debug
